#-----------------------------------------------------------
# Vivado v2018.3 (64-bit)
# SW Build 2405991 on Thu Dec  6 23:38:27 MST 2018
# IP Build 2404404 on Fri Dec  7 01:43:56 MST 2018
# Start of session at: Wed Mar 15 17:25:29 2023
# Process ID: 10116
# Current directory: F:/archlabs/lab01
# Command line: vivado.exe -gui_launcher_event rodinguilauncherevent20488 F:\archlabs\lab01\lab01.xpr
# Log file: F:/archlabs/lab01/vivado.log
# Journal file: F:/archlabs/lab01\vivado.jou
#-----------------------------------------------------------
start_gui
open_project F:/archlabs/lab01/lab01.xpr
INFO: [Project 1-313] Project file moved from 'E:/archlabs/lab01' since last save.
Scanning sources...
Finished scanning sources
INFO: [IP_Flow 19-234] Refreshing IP repositories
INFO: [IP_Flow 19-1704] No user IP repositories specified
INFO: [IP_Flow 19-2313] Loaded Vivado IP repository 'E:/Xilinx/Vivado/2018.3/data/ip'.
open_project: Time (s): cpu = 00:00:13 ; elapsed = 00:00:09 . Memory (MB): peak = 981.082 ; gain = 86.848
update_compile_order -fileset sources_1
exit
INFO: [Common 17-206] Exiting Vivado at Wed Mar 15 17:26:15 2023...
